         w __deregister_frame_info
         w __register_frame_info
         w userAppExit
         w userAppInit
00000000 00000802 B __ctru_dev_utf16_buf
00000000 b _TLS_MODULE_BASE_
00000000 a shift
00000000 a shift
00000804 00000401 B __ctru_dev_path_buf
00100000 A __start__
00100000 T _start
00100008 T __service_ptr
0010000c T __apt_appid
00100010 T __heap_size
00100014 T __linear_heap_size
00100018 T __system_arglist
0010001c T __system_runflags
00100020 t startup
00100058 t ClearMem
0010006c t ClrLoop
00100094 T _init
001000ac T __aeabi_uldivmod
001000e8 00000004 W __aeabi_idiv0
001000e8 00000004 W __aeabi_ldiv0
00100108 00000390 T strcmp
00100490 t .udivsi3_skip_div0_test
00100490 T __aeabi_uidiv
00100490 000001ec T __udivsi3
0010067c 00000020 T __aeabi_uidivmod
0010069c T __aeabi_idiv
0010069c 00000220 T __divsi3
001006a4 t .divsi3_skip_div0_test
001008bc 00000020 T __aeabi_idivmod
001008dc t __do_global_dtors_aux
0010091c t frame_dummy
00100948 00000098 T renameFile
001009e0 000000dc T processFiles
00100abc 00000018 T main
00100ad4 00000170 W __system_initArgv
00100c44 W initSystem
00100c94 W __ctru_exit
00100ca8 00000030 W __appExit
00100cd8 00000030 W __appInit
00100d08 00000090 W __libctru_exit
00100d98 00000038 W __libctru_init
00100dd0 00000030 T __syscall_getreent
00100e00 00000004 T __syscall_lock_acquire
00100e04 00000004 T __syscall_lock_release
00100e08 00000004 T __syscall_lock_acquire_recursive
00100e0c 00000004 T __syscall_lock_release_recursive
00100e10 00000004 T __syscall_exit
00100e14 00000050 T initThreadVars
00100e64 00000080 T __system_initSyscalls
00100ee4 T svcControlMemory
00100f04 T svcQueryMemory
00100f34 T svcExitProcess
00100f3c T svcCreateThread
00100f5c T svcExitThread
00100f64 T svcSleepThread
00100f6c T svcReleaseMutex
00100f74 T svcSignalEvent
00100f7c T svcClearEvent
00100f84 T svcMapMemoryBlock
00100f8c T svcUnmapMemoryBlock
00100f94 T svcCreateAddressArbiter
00100fa8 T svcArbitrateAddressNoTimeout
00100fb0 T svcCloseHandle
00100fb8 T svcWaitSynchronization
00100fc0 T svcWaitSynchronizationN
00100fe8 T svcDuplicateHandle
00100ffc T svcConnectToPort
00101010 T svcSendSyncRequest
00101018 T svcGetResourceLimit
0010102c T svcGetResourceLimitLimitValues
00101034 T svcGetResourceLimitCurrentValues
0010103c T svcBreak
00101044 00000014 t archive_link
00101058 00000014 t archive_dirreset
0010106c 00000014 t archive_chmod
00101080 00000024 t error_cmp
001010a4 00000050 t archive_translate_error
001010f4 000000c8 t archive_seek
001011bc 0000007c t _archiveInit.part.0
00101238 000000c4 t archiveFindDevice.part.0
001012fc 00000280 t archive_utf16path
0010157c 0000009c t _archiveUnmountDeviceStruct.part.0
00101618 00000014 t archive_fchmod
0010162c 00000014 t archive_statvfs
00101640 00000164 t _archiveMountDevice
001017a4 000000e8 t archive_diropen
0010188c 000000a4 t archive_fstat
00101930 0000006c t archive_fsync
0010199c 0000006c t archive_close
00101a08 00000070 t archive_dirclose
00101a78 000000e8 t sdmc_statvfs
00101b60 000000ec t archive_chdir
00101c4c 0000007c t archive_ftruncate
00101cc8 000000ac t archive_read
00101d74 000000a4 t archive_unlink
00101e18 000000bc t archive_rmdir
00101ed4 000000dc t archive_mkdir
00101fb0 00000194 t archive_stat
00102144 00000160 t archive_dirnext
001022a4 00000124 t archive_write
001023c8 0000020c t archive_open
001025d4 00000278 t archive_rename
0010284c 0000019c T archiveMountSdmc
001029e8 00000054 T archiveUnmountAll
00102a3c 00000084 W envGetHandle
00102ac0 00000050 W envDestroyHandles
00102b10 00000034 T __ctru_speedup_config
00102b44 0000012c T srvInit
00102c70 00000058 T srvExit
00102cc8 00000060 T srvEnableNotification
00102d28 000000a0 T srvGetServiceHandleDirect
00102dc8 00000038 T srvGetServiceHandle
00102e00 00000034 T srvSubscribe
00102e34 00000060 T srvReceiveNotification
00102e94 00000038 T srvPublishToSubscriber
00102ecc 0000000c T __sync_init
00102ed8 00000018 T __sync_fini
00102ef0 000000ac T LightLock_Lock
00102f9c 00000040 T LightLock_Unlock
00102fdc 00000030 T RecursiveLock_Lock
0010300c 00000054 T RecursiveLock_Unlock
00103060 00000040 T LightEvent_Init
001030a0 000000a4 T LightEvent_Clear
00103144 000000c8 T LightEvent_Signal
0010320c 00000050 T LightEvent_TryWait
0010325c 000000a0 T LightEvent_Wait
001032fc 000001d8 T threadCreate
001034d4 0000002c T threadFree
00103500 00000024 T threadJoin
00103524 00000030 T threadGetCurrent
00103554 00000040 T threadExit
00103594 00000020 t _thread_begin
001035b4 00000008 W aptDspSleep
001035bc 00000004 W aptDspWakeup
001035c0 00000004 W aptDspCancel
001035c4 00000158 T aptSendCommand
00103720 00000044 t aptExitProcess
00103764 0000038c T aptExit
00103af0 00000084 T APT_SleepIfShellClosed
00103b74 00000084 T APT_UnlockTransition
00103bf8 000004a4 t aptEventHandler
0010409c 000000b0 T APT_ReceiveParameter
0010414c 000000ac t aptReceiveParameter.constprop.0
001041f8 00000320 t aptWaitForWakeUp.isra.0
00104518 0000022c T aptInit
00104744 0000007c T APT_CheckNew3DS
001047c0 000000cc T fsInit
0010488c 0000003c T fsExit
001048c8 00000060 T fsExemptFromSession
00104928 00000050 T fsUnexemptFromSession
00104978 000000cc T FSUSER_OpenFile
00104a44 000000bc T FSUSER_DeleteFile
00104b00 000000f8 T FSUSER_RenameFile
00104bf8 000000bc T FSUSER_DeleteDirectory
00104cb4 000000d4 T FSUSER_CreateFile
00104d88 000000c4 T FSUSER_CreateDirectory
00104e4c 000000f8 T FSUSER_RenameDirectory
00104f44 000000b4 T FSUSER_OpenDirectory
00104ff8 00000094 T FSUSER_OpenArchive
0010508c 0000008c T FSUSER_CloseArchive
00105118 00000074 T FSUSER_GetSdmcArchiveResource
0010518c 00000064 T FSUSER_IsSdmcWritable
001051f0 00000058 T FSFILE_Read
00105248 00000060 T FSFILE_Write
001052a8 00000038 T FSFILE_GetSize
001052e0 00000028 T FSFILE_SetSize
00105308 0000003c T FSFILE_Close
00105344 00000024 T FSFILE_Flush
00105368 00000050 T FSDIR_Read
001053b8 0000003c T FSDIR_Close
001053f4 00000068 T GSPGPU_AcquireRight
0010545c 0000002c T GSPGPU_RestoreVramSysArea
00105488 00000024 W hidShouldUseIrrst
001054ac 0000018c T hidInit
00105638 000000e8 T hidExit
00105720 00000160 T irrstInit
00105880 000000cc T irrstExit
0010594c 00000074 T ptmSysmInit
001059c0 0000003c T ptmSysmExit
001059fc 00000034 T PTMSYSM_ConfigureNew3DSCPU
00105a30 0000000c T srvPmGetSessionHandle
00105a3c 0000013c T decode_utf8
00105b78 000000e8 T utf16_to_utf8
00105c60 000000c0 T utf8_to_utf16
00105d20 000001e0 W __system_allocateHeaps
00105f00 T __aeabi_read_tp
00105f0c 000000b4 t mappableFindAddressWithin
00105fc0 00000028 T mappableInit
00105fe8 00000080 T mappableAlloc
00106068 00000004 T mappableFree
0010606c 00000064 T decode_utf16
001060d0 00000054 T encode_utf16
00106124 000000e0 T encode_utf8
00106204 00000120 T __udivmoddi4
00106324 00000034 T printf
00106358 00000020 T memalign
00106378 00000020 T rename
00106398 0000014c T _memalign_r
001064e4 000000cc T snprintf
001065b0 00000078 T bsearch
00106628 00000004 W __call_exitprocs
0010662c 00000030 T exit
0010665c 000000f8 T _malloc_trim_r
00106754 000002e8 T _free_r
00106a3c 0000064c t get_arg
00107088 00003324 T _svfprintf_r
0010a3ac 00000018 T malloc
0010a3c4 00000018 T free
0010a3dc 0000079c T _malloc_r
0010ab78 000000f4 T memset
0010ac6c 0000000c T __malloc_lock
0010ac78 0000000c T __malloc_unlock
0010ac84 0000064c t get_arg
0010b2d0 00003378 T _vfprintf_r
0010e648 000000b8 t __sbprintf
0010e700 00000090 T strlen
0010e790 0000022c T __sflush_r
0010e9bc 00000094 T _fflush_r
0010ea50 00000018 T strdup
0010ea68 00000048 T strrchr
0010eab0 00000044 T _strdup_r
0010eaf4 000000e4 T strncat
0010ebd8 000000e4 T strncmp
0010ecbc 00000070 T _fwalk_sglue
0010ed2c 000000c4 T strncpy
0010edf0 0000001c t stdio_exit_handler
0010ee0c 0000005c t cleanup_stdio
0010ee68 00000154 t global_stdio_init.part.0
0010efbc 0000005c T __sinit
0010f018 0000000c T __sfp_lock_acquire
0010f024 0000000c T __sfp_lock_release
0010f030 00000048 T strnlen
0010f078 000001d8 t _strtoul_l.isra.0
0010f250 00000034 T strtoul
0010f284 00000024 T __locale_mb_cur_max
0010f2a8 00000128 t critical_factorization
0010f3d0 00000364 t two_way_long_needle
0010f734 00000248 T strstr
0010f97c 00000024 T _localeconv_r
0010f9a0 000000e0 T memchr
0010fa80 000000f0 T __utf8_wctomb
0010fb70 0000011c T memcpy
0010fc8c 00000084 T __libc_init_array
0010fd10 0000003c T __libc_fini_array
0010fd4c 0000000c T __errno
0010fd58 00000088 T frexp
0010fde0 000000a0 T _wcrtomb_r
0010fe80 00000028 T _wcsrtombs_r
0010fea8 00000044 T __sread
0010feec 00000068 T __swrite
0010ff54 00000044 T __sseek
0010ff98 00000008 T __sclose
0010ffa0 0000064c t get_arg
001105ec 00000030 T __sprint_r
0011061c 00002304 T _vfiprintf_r
00112920 000000b8 t __sbprintf
001129d8 0000018c T __ssprint_r
00112b64 00000138 T __swsetup_r
00112c9c 000001b4 t quorem
00112e50 00001218 T _dtoa_r
00114068 00000130 T strchr
00114198 000000d8 T memcmp
00114270 00000148 T _fclose_r
001143b8 00000150 T memmove
00114508 00000088 T _Balloc
00114590 0000001c T _Bfree
001145ac 000000f4 T __multadd
001146a0 00000060 T __hi0bits
00114700 0000009c T __lo0bits
0011479c 000000a4 T __i2b
00114840 00000204 T __multiply
00114a44 00000128 T __pow5mult
00114b6c 00000140 T __lshift
00114cac 00000058 T __mcmp
00114d04 000001fc T __mdiff
00114f00 00000124 T __d2b
00115024 000004b4 T __sfvwrite_r
001154d8 000004a0 T _realloc_r
00115978 000002f8 T __utf8_mbtowc
00115c70 0000012c T __smakebuf_r
00115d9c 00000188 T _wcsnrtombs_l
00115f24 00000064 T _wcsnrtombs_r
00115f88 000000c0 T _calloc_r
00116048 0000005c T __assert_func
001160a4 0000003c T fiprintf
001160e0 00000014 T abort
001160f4 00000090 T _raise_r
00116184 00000018 T raise
0011619c 00000020 T _exit
001161bc 0000013c T chdir
001162f8 000001cc T _concatenate_path
001164c4 00000068 t __dirnext
0011652c 000000f4 T opendir
00116620 00000090 T closedir
001166b0 000000c4 T readdir
00116774 00000078 T _fstat_r
001167ec 00000014 T _getpid_r
00116800 0000002c T __getreent
0011682c 0000003c T __get_handle
00116868 000000f4 T _close_r
0011695c 00000008 t null_write
00116964 00000018 T setDefaultDevice
0011697c 000000c8 T FindDevice
00116a44 00000028 T RemoveDevice
00116a6c 0000009c T AddDevice
00116b08 00000020 T GetDeviceOpTab
00116b28 00000008 T _isatty_r
00116b30 00000014 T _kill_r
00116b44 00000084 T _lseek_r
00116bc8 00000060 T mkdir
00116c28 00000080 T _read_r
00116ca8 00000080 T _rename_r
00116d28 00000078 W _sbrk_r
00116da0 0000001c T __libc_lock_acquire
00116dbc 0000001c T __libc_lock_release
00116dd8 0000001c T __libc_lock_acquire_recursive
00116df4 0000001c T __libc_lock_release_recursive
00116e10 00000080 T _write_r
00116e90 T _fini
00117154 r .LC2
00117234 00000030 r error_table
00117264 00000080 r archive_devoptab
001172e4 00000008 r s_sleepWakeEvents.4
00117328 00000010 r zeroes.0
00117338 00000010 r blanks.1
00117348 00000010 r zeroes.0
00117358 00000010 r blanks.1
00117368 00000101 R _ctype_
0011746c 00000010 r zeroes.0
0011747c 00000010 r blanks.1
0011748c 0000006c R __action_table
001174f8 0000006c R __state_table
00117564 00000100 R __chclass
00117664 0000000c r p05.0
00117670 00000028 R __mprec_bigtens
00117698 000000c8 R __mprec_tens
00117760 00000080 R dotab_stdnull
001177e0 R __tdata_align
001177e4 r __EH_FRAME_BEGIN__
001177e4 R __exidx_end
001177e4 R __exidx_start
00118000 W __stacksize__
00118004 00000004 d aptChainloadDeliverArgSize
00118008 00000004 D __malloc_sbrk_base
0011800c 00000004 D __malloc_trim_threshold
00118010 00000408 D __malloc_av_
00118418 0000000c D __sglue
00118424 0000016c D __global_locale
00118590 00000004 D _impure_ptr
00118598 00000120 D _impure_data
001186b8 00000400 d _current_working_directory
00118ab8 00001000 d handles
00119ab8 0000000c d __stderr_handle
00119ac4 0000000c d __stdout_handle
00119ad0 0000000c d __stdin_handle
00119adc 0000008c D devoptab_list
00119b68 00000004 d defaultDevice
00119b74 d _GLOBAL_OFFSET_TABLE_
00119b80 d __frame_dummy_init_array_entry
00119b80 D __init_array_start
00119b80 B __preinit_array_end
00119b80 B __preinit_array_start
00119b80 D __tdata_lma
00119b80 D __tdata_lma_end
00119b84 d __do_global_dtors_aux_fini_array_entry
00119b84 D __fini_array_start
00119b84 D __init_array_end
00119b88 D __bss_start__
00119b88 D __fini_array_end
00119b88 b completed.1
00119b8c b object.0
00119ba4 00000004 B __system_argv
00119ba8 00000004 B __system_argc
00119bac b saved_stack
00119bb4 00000004 B __3dslink_host
00119bb8 00000004 B __system_retAddr
00119bc0 000005c0 b archive_devices
0011a180 00000004 b archive_device_cwd
0011a184 00000001 b archive_initialized
0011a185 00000001 V __ctru_speedup
0011a188 00000004 b srvRefCount
0011a18c 00000004 b srvHandle
0011a190 00000004 b arbiter
0011a194 00000001 b flagValue.0
0011a195 00000001 b flagInit.1
0011a198 00000004 b serviceName.6
0011a19c 00000001 b aptChainloadFlags
0011a19d 00000001 b aptChainloadMediatype
0011a1a0 00000020 b aptChainloadHmac
0011a1c0 00000300 b aptChainloadDeliverArg
0011a4c0 00000008 b aptChainloadTid
0011a4c8 00001000 b aptParameters
0011b4c8 00000004 b aptFlags
0011b4cc 00000001 b aptHomeButtonState
0011b4d0 00000004 b aptMessageFuncData
0011b4d4 00000004 b aptMessageFunc
0011b4d8 0000000c b aptFirstHook
0011b4e4 00000001 b aptEventHandlerThreadQuit
0011b4e8 00000004 b aptEventHandlerThread
0011b4ec 00000008 b aptSleepEvent
0011b4f4 00000008 b aptReceiveEvent
0011b4fc 00000008 b aptEvents
0011b504 00000004 b aptLockHandle
0011b508 00000004 b aptRefCount
0011b510 00000080 b fsExemptArchives
0011b590 00000004 b fsuRefCount
0011b594 00000004 b fsuHandle
0011b598 00000001 b gspGpuRight
0011b59c 00000004 b gspGpuHandle
0011b5a0 00000001 b usingIrrst
0011b5a4 00000004 b hidRefCount
0011b5a8 00000004 b kUp
0011b5ac 00000004 b kDown
0011b5b0 00000004 b kHeld
0011b5b4 00000004 b kOld
0011b5b8 00000004 B hidSharedMem
0011b5bc 00000014 B hidEvents
0011b5d0 00000004 B hidMemHandle
0011b5d4 00000004 B hidHandle
0011b5d8 00000004 b irrstRefCount
0011b5dc 00000004 b kHeld
0011b5e0 00000004 B irrstSharedMem
0011b5e4 00000004 B irrstEvent
0011b5e8 00000004 B irrstMemHandle
0011b5ec 00000004 B irrstHandle
0011b5f0 00000004 b ptmSysmRefCount
0011b5f4 00000004 b ptmSysmHandle
0011b5f8 00000004 b srvPmHandle
0011b5fc 00000004 V __ctru_linear_heap_size
0011b600 00000004 V __ctru_heap_size
0011b604 00000004 B __ctru_linear_heap
0011b608 00000004 B __ctru_heap
0011b60c 00000004 b currentAddr
0011b610 00000004 b maxAddr
0011b614 00000004 b minAddr
0011b618 00000028 B __malloc_current_mallinfo
0011b640 00000004 B __malloc_max_total_mem
0011b644 00000004 B __malloc_max_sbrked_mem
0011b648 00000004 B __malloc_top_pad
0011b64c 0000000c b __malloc_recursive_mutex
0011b658 0000000c b __sfp_recursive_mutex
0011b668 00000168 B __sf
0011b7d0 00000004 B __stdio_exit_handler
0011b7d4 00000400 b temp_cwd
0011bbd4 00000004 b __hndl_lock
0011bbd8 00000004 B fake_heap_start
0011bbdc 00000004 B fake_heap_end
0011bbe0 00000004 b heap_start.0
0011bbe4 B __tls_start
0011c7ec B __bss_end__
0011c7ec A __end__
0011c7ec B __tls_end
