         w __deregister_frame_info
         w __register_frame_info
         w userAppExit
         w userAppInit
00000000 00000802 B __ctru_dev_utf16_buf
00000000 b _TLS_MODULE_BASE_
00000000 a shift
00000000 a shift
00000804 00000401 B __ctru_dev_path_buf
00100000 A __start__
00100000 T _start
00100008 T __service_ptr
0010000c T __apt_appid
00100010 T __heap_size
00100014 T __linear_heap_size
00100018 T __system_arglist
0010001c T __system_runflags
00100020 t startup
00100058 t ClearMem
0010006c t ClrLoop
00100094 T _init
001000ac T __aeabi_idiv
001000ac 00000220 T __divsi3
001000b4 t .divsi3_skip_div0_test
001002cc 00000020 T __aeabi_idivmod
001002ec 00000004 W __aeabi_idiv0
001002ec 00000004 W __aeabi_ldiv0
001002f0 T __aeabi_uldivmod
00100348 00000390 T strcmp
001006d0 t .udivsi3_skip_div0_test
001006d0 T __aeabi_uidiv
001006d0 000001ec T __udivsi3
001008bc 00000020 T __aeabi_uidivmod
001008dc t __do_global_dtors_aux
0010091c t frame_dummy
00100948 00000020 T cleanup
00100968 000001fc T renameAndDeleteFiles
00100b68 00000194 T main
00100cfc 0000051c t consoleHandleColorEsc
00101218 000000b8 t consoleColorStateShift
001012d0 000001ac T consoleDrawChar
0010147c 00000124 T consolePrintChar
001015a0 000006f4 T con_write
00101c94 000000fc t newRow
00101d90 0000018c T consoleInit
00101f1c 000000b8 T consoleClear
00101fd4 000000d0 t gfxPresentFramebuffer
001020a4 0000001c T gfxIsWide
001020c0 000000ec T gfxSetScreenFormat
001021ac 00000010 T gfxSetDoubleBuffering
001021bc 000000e0 T gfxInit
0010229c 00000010 T gfxInitDefault
001022ac 000000b4 T gfxExit
00102360 000000a0 T gfxGetFramebuffer
00102400 00000104 T gfxFlushBuffers
00102504 00000050 T gfxSwapBuffers
00102554 00000050 T gfxSwapBuffersGpu
001025a4 0000012c T srvInit
001026d0 00000058 T srvExit
00102728 00000060 T srvEnableNotification
00102788 000000a0 T srvGetServiceHandleDirect
00102828 00000038 T srvGetServiceHandle
00102860 00000034 T srvSubscribe
00102894 00000060 T srvReceiveNotification
001028f4 00000038 T srvPublishToSubscriber
0010292c 000001ac t aptConvertScreenForCapture
00102ad8 00000008 W aptDspSleep
00102ae0 00000004 W aptDspWakeup
00102ae4 00000004 W aptDspCancel
00102ae8 00000158 T aptSendCommand
00102c40 00000044 t aptExitProcess
00102c84 0000038c T aptExit
00103010 000000e0 T aptHandleSleep
001030f0 00000084 T APT_SleepIfShellClosed
00103174 00000084 T aptSetSleepAllowed
001031f8 00000084 T APT_UnlockTransition
00103280 000004a4 t aptEventHandler
00103724 000000b0 T APT_ReceiveParameter
001037d4 000000ac t aptReceiveParameter.constprop.0
00103880 000002ac t aptScreenTransfer
00103b2c 00000320 t aptWaitForWakeUp.isra.0
00103e4c 000000f8 T aptJumpToHomeMenu
00103f44 00000048 T aptMainLoop
00103f8c 0000022c T aptInit
001041b8 0000007c T APT_CheckNew3DS
00104234 0000003c T cfguExit
00104270 00000c64 t gspHardwareInit
00104ed4 00000248 T gspInit
0010511c 000000f0 T gspExit
0010520c 00000010 T gspHasGpuRight
0010521c 000000a0 T gspPresentBuffer
001052bc 00000044 T gspWaitForEvent
00105300 00000004 W gxCmdQueueInterrupt
00105304 00000158 t gspEventThreadMain
0010545c 00000050 T GSPGPU_FlushDataCache
001054ac 00000034 T GSPGPU_SetLcdForceBlack
001054e0 00000068 T GSPGPU_AcquireRight
00105548 00000048 T GSPGPU_ReleaseRight
00105590 0000007c T GSPGPU_ImportDisplayCaptureInfo
0010560c 0000002c T GSPGPU_SaveVramSysArea
00105638 0000002c T GSPGPU_RestoreVramSysArea
00105664 00000024 W hidShouldUseIrrst
00105688 0000018c T hidInit
00105814 000000e8 T hidExit
001058fc 000002a4 T hidScanInput
00105ba0 00000010 T hidKeysDown
00105bb0 00000160 T irrstInit
00105d10 000000cc T irrstExit
00105ddc 000000b4 T irrstScanInput
00105e90 00000024 T irrstKeysHeld
00105eb4 0000000c T srvPmGetSessionHandle
00105ec0 00000088 T socExit
00105f48 00000038 W __libctru_init
00105f80 00000170 W __system_initArgv
001060f0 00000030 T __syscall_getreent
00106120 00000004 T __syscall_lock_acquire
00106124 00000004 T __syscall_lock_release
00106128 00000004 T __syscall_lock_acquire_recursive
0010612c 00000004 T __syscall_lock_release_recursive
00106130 00000004 T __syscall_exit
00106134 00000050 T initThreadVars
00106184 00000080 T __system_initSyscalls
00106204 T svcControlMemory
00106224 T svcQueryMemory
00106254 T svcExitProcess
0010625c T svcCreateThread
0010627c T svcExitThread
00106284 T svcSleepThread
0010628c T svcReleaseMutex
00106294 T svcCreateEvent
001062a8 T svcSignalEvent
001062b0 T svcClearEvent
001062b8 T svcMapMemoryBlock
001062c0 T svcUnmapMemoryBlock
001062c8 T svcCreateAddressArbiter
001062dc T svcArbitrateAddressNoTimeout
001062e4 T svcCloseHandle
001062ec T svcWaitSynchronization
001062f4 T svcWaitSynchronizationN
0010631c T svcDuplicateHandle
00106330 T svcConnectToPort
00106344 T svcSendSyncRequest
0010634c T svcGetResourceLimit
00106360 T svcGetResourceLimitLimitValues
00106368 T svcGetResourceLimitCurrentValues
00106370 T svcBreak
00106378 W initSystem
001063c8 W __ctru_exit
001063dc 00000024 t addrMapNodeComparator(rbtree_node const*, rbtree_node const*)
00106400 00000004 t addrMapNodeDestructor(rbtree_node*)
00106404 00000120 T linearMemAlign
00106524 00000008 T linearAlloc
0010652c 0000005c T linearFree
00106588 00000080 T MemPool::CoalesceRight(MemBlock*)
00106608 0000016c T MemPool::Allocate(MemChunk&, unsigned long, int)
00106774 000000fc T MemPool::Deallocate(MemChunk const&)
00106870 00000030 T MemPool::GetFreeSpace()
001068a0 00000024 t addrMapNodeComparator(rbtree_node const*, rbtree_node const*)
001068c4 00000004 t addrMapNodeDestructor(rbtree_node*)
001068c8 0000024c T vramMemAlignAt
00106b14 0000000c T vramAlloc
00106b20 00000090 T vramFree
00106bb0 00000084 W envGetHandle
00106c34 00000050 W envDestroyHandles
00106c84 00000034 T __ctru_speedup_config
00106cb8 0000000c T __sync_init
00106cc4 00000018 T __sync_fini
00106cdc 0000002c T syncArbitrateAddress
00106d08 000000ac T LightLock_Lock
00106db4 00000040 T LightLock_Unlock
00106df4 00000030 T RecursiveLock_Lock
00106e24 00000054 T RecursiveLock_Unlock
00106e78 00000040 T LightEvent_Init
00106eb8 000000a4 T LightEvent_Clear
00106f5c 000000c8 T LightEvent_Signal
00107024 00000050 T LightEvent_TryWait
00107074 000000a0 T LightEvent_Wait
00107114 000001d8 T threadCreate
001072ec 0000002c T threadFree
00107318 00000024 T threadJoin
0010733c 00000030 T threadGetCurrent
0010736c 00000040 T threadExit
001073ac 00000020 t _thread_begin
001073cc 000000b4 t mappableFindAddressWithin
00107480 00000028 T mappableInit
001074a8 00000080 T mappableAlloc
00107528 00000004 T mappableFree
0010752c 00000074 T ptmSysmInit
001075a0 0000003c T ptmSysmExit
001075dc 00000034 T PTMSYSM_ConfigureNew3DSCPU
00107610 00000074 T rbtree_find
00107684 00000010 T rbtree_init
00107694 000001b0 t do_insert
00107844 00000008 T rbtree_insert
0010784c 00000318 T rbtree_remove
00107b64 00000090 T rbtree_rotate
00107bf8 000001e0 W __system_allocateHeaps
00107dd8 00000030 W __appExit
00107e08 00000030 W __appInit
00107e38 00000090 W __libctru_exit
00107ec8 00000014 t archive_link
00107edc 00000014 t archive_dirreset
00107ef0 00000014 t archive_chmod
00107f04 00000024 t error_cmp
00107f28 00000050 t archive_translate_error
00107f78 000000c8 t archive_seek
00108040 0000007c t _archiveInit.part.0
001080bc 000000c4 t archiveFindDevice.part.0
00108180 00000280 t archive_utf16path
00108400 0000009c t _archiveUnmountDeviceStruct.part.0
0010849c 00000014 t archive_fchmod
001084b0 00000014 t archive_statvfs
001084c4 00000164 t _archiveMountDevice
00108628 000000e8 t archive_diropen
00108710 000000a4 t archive_fstat
001087b4 0000006c t archive_fsync
00108820 0000006c t archive_close
0010888c 00000070 t archive_dirclose
001088fc 000000e8 t sdmc_statvfs
001089e4 000000ec t archive_chdir
00108ad0 0000007c t archive_ftruncate
00108b4c 000000ac t archive_read
00108bf8 000000a4 t archive_unlink
00108c9c 000000bc t archive_rmdir
00108d58 000000dc t archive_mkdir
00108e34 00000194 t archive_stat
00108fc8 00000160 t archive_dirnext
00109128 00000124 t archive_write
0010924c 0000020c t archive_open
00109458 00000278 t archive_rename
001096d0 0000019c T archiveMountSdmc
0010986c 00000054 T archiveUnmountAll
001098c0 000000cc T fsInit
0010998c 0000003c T fsExit
001099c8 00000060 T fsExemptFromSession
00109a28 00000050 T fsUnexemptFromSession
00109a78 000000cc T FSUSER_OpenFile
00109b44 000000bc T FSUSER_DeleteFile
00109c00 000000f8 T FSUSER_RenameFile
00109cf8 000000bc T FSUSER_DeleteDirectory
00109db4 000000d4 T FSUSER_CreateFile
00109e88 000000c4 T FSUSER_CreateDirectory
00109f4c 000000f8 T FSUSER_RenameDirectory
0010a044 000000b4 T FSUSER_OpenDirectory
0010a0f8 00000094 T FSUSER_OpenArchive
0010a18c 0000008c T FSUSER_CloseArchive
0010a218 00000074 T FSUSER_GetSdmcArchiveResource
0010a28c 00000064 T FSUSER_IsSdmcWritable
0010a2f0 00000058 T FSFILE_Read
0010a348 00000060 T FSFILE_Write
0010a3a8 00000038 T FSFILE_GetSize
0010a3e0 00000028 T FSFILE_SetSize
0010a408 0000003c T FSFILE_Close
0010a444 00000024 T FSFILE_Flush
0010a468 00000050 T FSDIR_Read
0010a4b8 0000003c T FSDIR_Close
0010a4f4 0000005c T rbtree_node_next
0010a550 0000013c T decode_utf8
0010a68c 000000e8 T utf16_to_utf8
0010a774 000000c0 T utf8_to_utf16
0010a834 T __aeabi_read_tp
0010a840 00000064 T decode_utf16
0010a8a4 00000054 T encode_utf16
0010a8f8 000000e0 T encode_utf8
0010a9d8 00000120 T __udivmoddi4
0010aaf8 000001e0 T _perror_r
0010acd8 00000018 T perror
0010acf0 00000058 T remove
0010ad48 00000034 T printf
0010ad7c 00000020 T memalign
0010ad9c 00000020 T rename
0010adbc 0000014c T _memalign_r
0010af08 0000001c T putchar
0010af24 00000014 T atexit
0010af38 000000e0 T _puts_r
0010b018 00000018 T puts
0010b030 00000078 T bsearch
0010b0a8 0000025c T setvbuf
0010b304 00000030 T exit
0010b334 000000f8 T _malloc_trim_r
0010b42c 000002e8 T _free_r
0010b714 00000018 T malloc
0010b72c 00000018 T free
0010b744 0000079c T _malloc_r
0010bee0 000000f4 T memset
0010bfd4 0000000c T __malloc_lock
0010bfe0 0000000c T __malloc_unlock
0010bfec 0000064c t get_arg
0010c638 00003378 T _vfprintf_r
0010f9b0 000000b8 t __sbprintf
0010fa68 00000090 T strlen
0010faf8 0000022c T __sflush_r
0010fd24 00000094 T _fflush_r
0010fdb8 0000003c T fflush
0010fdf4 000000e4 T strncat
0010fed8 0000063c T _strerror_r
00110514 000004b4 T __sfvwrite_r
001109c8 000000e4 T strncmp
00110aac 00000070 T _fwalk_sglue
00110b1c 000000b4 T fileno
00110bd0 000004a0 T _realloc_r
00111070 000000c4 T strncpy
00111134 0000001c t stdio_exit_handler
00111150 0000005c t cleanup_stdio
001111ac 00000154 t global_stdio_init.part.0
00111300 0000005c T __sinit
0011135c 0000000c T __sfp_lock_acquire
00111368 0000000c T __sfp_lock_release
00111374 00000048 T strnlen
001113bc 00000008 T _user_strerror
001113c4 000001d8 t _strtoul_l.isra.0
0011159c 00000034 T strtoul
001115d0 00000024 T __locale_mb_cur_max
001115f4 00000128 t critical_factorization
0011171c 00000364 t two_way_long_needle
00111a80 00000248 T strstr
00111cc8 00000024 T _localeconv_r
00111cec 000000e0 T memchr
00111dcc 000000f0 T __utf8_wctomb
00111ebc 0000011c T memcpy
00111fd8 00000070 T stpcpy
00112048 00000084 T __libc_init_array
001120cc 0000000c T __errno
001120d8 00000020 T stat
001120f8 00000088 T frexp
00112180 0000012c T __smakebuf_r
001122ac 0000008c T __swhatbuf_r
00112338 000000a0 T _wcrtomb_r
001123d8 00000028 T _wcsrtombs_r
00112400 000000b0 T __register_exitproc
001124b0 000000dc T _putc_r
0011258c 0000012c T __call_exitprocs
001126b8 00000044 T __sread
001126fc 00000068 T __swrite
00112764 00000044 T __sseek
001127a8 00000008 T __sclose
001127b0 0000064c t get_arg
00112dfc 00000030 T __sprint_r
00112e2c 00002304 T _vfiprintf_r
00115130 000000b8 t __sbprintf
001151e8 00000108 T __swbuf_r
001152f0 00000138 T __swsetup_r
00115428 000001b4 t quorem
001155e0 00001218 T _dtoa_r
001167f8 00000130 T strchr
00116928 000000d8 T memcmp
00116a00 00000148 T _fclose_r
00116b48 00000150 T memmove
00116c98 00000088 T _Balloc
00116d20 0000001c T _Bfree
00116d3c 000000f4 T __multadd
00116e30 00000060 T __hi0bits
00116e90 0000009c T __lo0bits
00116f2c 000000a4 T __i2b
00116fd0 00000204 T __multiply
001171d4 00000128 T __pow5mult
001172fc 00000140 T __lshift
0011743c 00000058 T __mcmp
00117494 000001fc T __mdiff
00117690 00000124 T __d2b
001177b4 000002f8 T __utf8_mbtowc
00117aac 00000188 T _wcsnrtombs_l
00117c34 00000064 T _wcsnrtombs_r
00117c98 000000c0 T _calloc_r
00117d58 0000005c T __assert_func
00117db4 0000003c T fiprintf
00117df0 00000014 T abort
00117e04 00000090 T _raise_r
00117e94 00000018 T raise
00117eac 00000020 T _exit
00117ecc 0000013c T chdir
00118008 000001cc T _concatenate_path
001181d4 00000068 t __dirnext
0011823c 000000f4 T opendir
00118330 00000090 T closedir
001183c0 000000c4 T readdir
00118484 00000078 T _fstat_r
001184fc 00000014 T _getpid_r
00118510 0000002c T __getreent
0011853c 0000003c T __get_handle
00118578 000000f4 T _close_r
0011866c 00000008 t null_write
00118674 00000018 T setDefaultDevice
0011868c 000000c8 T FindDevice
00118754 00000028 T RemoveDevice
0011877c 0000009c T AddDevice
00118818 00000020 T GetDeviceOpTab
00118838 00000008 T _isatty_r
00118840 00000014 T _kill_r
00118854 00000084 T _lseek_r
001188d8 00000060 T mkdir
00118938 00000080 T _read_r
001189b8 00000080 T _rename_r
00118a38 00000068 T _rmdir_r
00118aa0 00000078 W _sbrk_r
00118b18 00000070 T _stat_r
00118b88 0000001c T __libc_lock_acquire
00118ba4 0000001c T __libc_lock_release
00118bc0 0000001c T __libc_lock_acquire_recursive
00118bdc 0000001c T __libc_lock_release_recursive
00118bf8 00000064 T _unlink_r
00118c5c 00000080 T _write_r
00118cdc 00000048 T strrchr
00118d24 T _fini
001199a4 r .LC2
00119a84 00000080 r dotab_stdout
00119b04 00000018 r grayScale
00119b1c 00000006 r colorCube
00119b24 00000030 r colorTable
00119b54 00000008 r morton_y.2
00119b5c 00000008 r morton_x.3
00119b64 00000008 r s_sleepWakeEvents.4
00119b6c R default_font_bin
0011a36c R default_font_bin_end
0011a36c 00000030 r error_table
0011a39c 00000080 r archive_devoptab
0011a458 00000010 r zeroes.0
0011a468 00000010 r blanks.1
0011a478 00000101 R _ctype_
0011a57c 00000010 r zeroes.0
0011a58c 00000010 r blanks.1
0011a59c 0000006c R __action_table
0011a608 0000006c R __state_table
0011a674 00000100 R __chclass
0011a774 0000000c r p05.0
0011a780 00000028 R __mprec_bigtens
0011a7a8 000000c8 R __mprec_tens
0011a870 00000080 R dotab_stdnull
0011a8f0 R __tdata_align
0011a8f4 r __EH_FRAME_BEGIN__
0011a8f4 R __exidx_end
0011a8f4 R __exidx_start
0011b000 00000001 d firstConsoleInit.0
0011b004 00000004 D currentConsole
0011b008 00000048 D defaultConsole
0011b050 00000004 d aptChainloadDeliverArgSize
0011b054 00000004 d kCount
0011b058 00000004 d kInterval
0011b05c 00000004 d kDelay
0011b060 W __stacksize__
0011b064 00000004 D __malloc_sbrk_base
0011b068 00000004 D __malloc_trim_threshold
0011b070 00000408 D __malloc_av_
0011b478 0000000c D __sglue
0011b484 0000016c D __global_locale
0011b5f0 00000004 D _impure_ptr
0011b5f8 00000120 D _impure_data
0011b718 00000400 d _current_working_directory
0011bb18 00001000 d handles
0011cb18 0000000c d __stderr_handle
0011cb24 0000000c d __stdout_handle
0011cb30 0000000c d __stdin_handle
0011cb3c 0000008c D devoptab_list
0011cbc8 00000004 d defaultDevice
0011cbd4 d _GLOBAL_OFFSET_TABLE_
0011cbe0 d __frame_dummy_init_array_entry
0011cbe0 D __init_array_start
0011cbe0 B __preinit_array_end
0011cbe0 B __preinit_array_start
0011cbe0 D __tdata_lma
0011cbe0 D __tdata_lma_end
0011cbe4 d __do_global_dtors_aux_fini_array_entry
0011cbe4 D __fini_array_start
0011cbe4 D __init_array_end
0011cbe8 D __bss_start__
0011cbe8 D __fini_array_end
0011cbe8 b completed.1
0011cbec b object.0
0011cc04 0000001c b escapeSeq
0011cc20 00000048 B currentCopy
0011cc68 00000004 b screenAlloc
0011cc6c 00000004 b screenFree
0011cc70 00000002 b gfxIsDoubleBuf
0011cc74 00000002 b gfxCurBuf
0011cc76 00000001 b gfxIsVram
0011cc77 00000001 b gfxTopMode
0011cc78 00000002 b gfxFramebufferFormats
0011cc7c 00000004 b gfxBottomFramebufferMaxSize
0011cc80 00000004 b gfxTopFramebufferMaxSize
0011cc88 00000008 b gfxBottomFramebuffers
0011cc90 00000008 b gfxTopFramebuffers
0011cc98 00000004 b srvRefCount
0011cc9c 00000004 b srvHandle
0011cca0 00000001 b flagValue.0
0011cca1 00000001 b flagInit.1
0011cca4 00000004 b serviceName.6
0011cca8 00000001 b aptChainloadFlags
0011cca9 00000001 b aptChainloadMediatype
0011ccac 00000020 b aptChainloadHmac
0011cccc 00000300 b aptChainloadDeliverArg
0011cfd0 00000008 b aptChainloadTid
0011cfd8 00001000 b aptParameters
0011dfd8 00000004 b aptFlags
0011dfdc 00000001 b aptHomeButtonState
0011dfe0 00000004 b aptMessageFuncData
0011dfe4 00000004 b aptMessageFunc
0011dfe8 0000000c b aptFirstHook
0011dff4 00000001 b aptEventHandlerThreadQuit
0011dff8 00000004 b aptEventHandlerThread
0011dffc 00000008 b aptSleepEvent
0011e004 00000008 b aptReceiveEvent
0011e00c 00000008 b aptEvents
0011e014 00000004 b aptLockHandle
0011e018 00000004 b aptRefCount
0011e01c 00000004 b cfguRefCount
0011e020 00000004 b cfguHandle
0011e024 00000007 b gspEventCbOneShot
0011e02c 0000001c b gspEventCbData
0011e048 0000001c b gspEventCb
0011e064 00000038 b gspEvents
0011e09c 00000004 b gspLastEvent
0011e0a0 00000001 b gspRunEvents
0011e0a4 00000004 b gspEventThread
0011e0a8 00000004 b gspEvent
0011e0ac 00000001 b gspGpuRight
0011e0ad 00000001 b gspThreadId
0011e0b0 00000004 b gspSharedMem
0011e0b4 00000004 b gspSharedMemHandle
0011e0b8 00000004 b gspRefCount
0011e0bc 00000004 b gspGpuHandle
0011e0c0 00000001 b usingIrrst
0011e0c4 00000004 b hidRefCount
0011e0c8 00000006 b gRate
0011e0d0 00000006 b aVec
0011e0d8 00000004 b cPos
0011e0dc 00000004 b tPos
0011e0e0 00000004 b kRepeat
0011e0e4 00000004 b kUp
0011e0e8 00000004 b kDown
0011e0ec 00000004 b kHeld
0011e0f0 00000004 b kOld
0011e0f4 00000004 B hidSharedMem
0011e0f8 00000014 B hidEvents
0011e10c 00000004 B hidMemHandle
0011e110 00000004 B hidHandle
0011e114 00000004 b irrstRefCount
0011e118 00000004 b csPos
0011e11c 00000004 b kHeld
0011e120 00000004 B irrstSharedMem
0011e124 00000004 B irrstEvent
0011e128 00000004 B irrstMemHandle
0011e12c 00000004 B irrstHandle
0011e130 00000004 b srvPmHandle
0011e134 00000004 B __system_retAddr
0011e138 00000004 B __system_argv
0011e13c 00000004 B __system_argc
0011e140 b saved_stack
0011e148 00000008 b sLinearPool
0011e150 0000000c b sAddrMap
0011e160 00000008 b sVramPoolB
0011e168 00000008 b sVramPoolA
0011e170 0000000c b sAddrMap
0011e17c 00000004 B __3dslink_host
0011e180 00000001 V __ctru_speedup
0011e184 00000004 b arbiter
0011e188 00000004 b currentAddr
0011e18c 00000004 b maxAddr
0011e190 00000004 b minAddr
0011e194 00000004 b ptmSysmRefCount
0011e198 00000004 b ptmSysmHandle
0011e19c 00000004 B socMemhandle
0011e1a0 00000004 B SOCU_handle
0011e1a4 00000004 V __ctru_linear_heap_size
0011e1a8 00000004 V __ctru_heap_size
0011e1ac 00000004 B __ctru_linear_heap
0011e1b0 00000004 B __ctru_heap
0011e1b8 000005c0 b archive_devices
0011e778 00000004 b archive_device_cwd
0011e77c 00000001 b archive_initialized
0011e780 00000080 b fsExemptArchives
0011e800 00000004 b fsuRefCount
0011e804 00000004 b fsuHandle
0011e808 00000028 B __malloc_current_mallinfo
0011e830 00000004 B __malloc_max_total_mem
0011e834 00000004 B __malloc_max_sbrked_mem
0011e838 00000004 B __malloc_top_pad
0011e83c 0000000c b __malloc_recursive_mutex
0011e848 0000000c b __sfp_recursive_mutex
0011e858 00000168 B __sf
0011e9c0 00000004 B __stdio_exit_handler
0011e9c4 00000190 B __atexit0
0011eb54 00000004 B __atexit
0011eb58 0000000c B __atexit_recursive_mutex
0011eb64 00000400 b temp_cwd
0011ef64 00000004 b __hndl_lock
0011ef68 00000004 B fake_heap_start
0011ef6c 00000004 B fake_heap_end
0011ef70 00000004 b heap_start.0
0011ef74 B __tls_start
0011fb7c B __bss_end__
0011fb7c A __end__
0011fb7c B __tls_end
